14-02-2022 17:55:08§Execution started
14-02-2022 17:55:08§Creating the network
14-02-2022 17:55:22§Execution started
14-02-2022 17:55:22§Creating the network
14-02-2022 17:55:23§Network created
14-02-2022 17:55:23§Running iperf to check current server performance
14-02-2022 17:55:44§Performance analysis done
14-02-2022 20:38:37§Execution started
14-02-2022 20:38:37§Creating the network
14-02-2022 20:38:39§Network created
14-02-2022 20:38:39§Running iperf to check current server performance
14-02-2022 20:38:51§Execution started
14-02-2022 20:38:51§Creating the network
14-02-2022 20:38:53§Network created
14-02-2022 20:38:53§Running iperf to check current server performance
14-02-2022 20:39:51§Execution started
14-02-2022 20:39:51§Creating the network
14-02-2022 20:39:53§Network created
14-02-2022 20:39:53§Running iperf to check current server performance
14-02-2022 20:45:14§Execution started
14-02-2022 20:45:14§Creating the network
14-02-2022 20:45:16§Network created
14-02-2022 20:45:16§Running iperf to check current server performance
14-02-2022 20:46:07§Execution started
14-02-2022 20:46:07§Creating the network
14-02-2022 20:46:20§Execution started
14-02-2022 20:46:20§Creating the network
14-02-2022 20:46:22§Network created
14-02-2022 20:46:22§Running iperf to check current server performance
14-02-2022 20:56:47§Execution started
14-02-2022 20:56:47§Creating the network
14-02-2022 20:56:48§Network created
14-02-2022 20:56:48§Running iperf to check current server performance
14-02-2022 20:57:09§Performance analysis done
14-02-2022 20:57:29§Migration request detected. Executing iperf on every server
14-02-2022 21:01:26§Execution started
14-02-2022 21:01:26§Creating the network
14-02-2022 21:01:28§Network created
14-02-2022 21:01:28§Running iperf to check current server performance
14-02-2022 21:01:49§Performance analysis done
14-02-2022 21:02:09§Migration request detected. Executing iperf on every server
14-02-2022 21:02:50§Waiting for migration to start
14-02-2022 21:04:45§Execution started
14-02-2022 21:04:45§Creating the network
14-02-2022 21:04:47§Network created
14-02-2022 21:04:47§Running iperf to check current server performance
14-02-2022 21:05:07§Performance analysis done
14-02-2022 21:05:27§Migration request detected. Executing iperf on every server
14-02-2022 21:06:09§Waiting for migration to start
14-02-2022 21:06:34§Execution started
14-02-2022 21:06:34§Creating the network
14-02-2022 21:06:36§Network created
14-02-2022 21:06:36§Running iperf to check current server performance
15-02-2022 11:38:39§Execution started
15-02-2022 11:38:39§Creating the network
15-02-2022 11:38:42§Network created
15-02-2022 11:38:42§Running iperf to check current server performance
15-02-2022 11:40:23§Execution started
15-02-2022 11:40:23§Creating the network
15-02-2022 11:40:27§Network created
15-02-2022 11:40:27§Running iperf to check current server performance
15-02-2022 11:41:58§Execution started
15-02-2022 11:41:58§Creating the network
15-02-2022 11:42:02§Network created
15-02-2022 11:42:02§Running iperf to check current server performance
15-02-2022 11:42:46§Execution started
15-02-2022 11:42:46§Creating the network
15-02-2022 11:42:59§Execution started
15-02-2022 11:42:59§Creating the network
15-02-2022 11:43:03§Network created
15-02-2022 11:43:03§Running iperf to check current server performance
15-02-2022 11:44:07§Execution started
15-02-2022 11:44:07§Creating the network
15-02-2022 11:44:10§Network created
15-02-2022 11:44:10§Running iperf to check current server performance
15-02-2022 11:47:09§Execution started
15-02-2022 11:47:09§Creating the network
15-02-2022 11:47:13§Network created
15-02-2022 11:47:13§Running iperf to check current server performance
15-02-2022 11:48:24§Execution started
15-02-2022 11:48:24§Creating the network
15-02-2022 11:48:28§Network created
15-02-2022 11:48:28§Running iperf to check current server performance
15-02-2022 11:49:00§Execution started
15-02-2022 11:49:00§Creating the network
15-02-2022 11:49:04§Network created
15-02-2022 11:49:04§Running iperf to check current server performance
15-02-2022 11:49:38§Execution started
15-02-2022 11:49:38§Creating the network
15-02-2022 11:49:41§Network created
15-02-2022 11:49:41§Running iperf to check current server performance
15-02-2022 11:51:03§Performance analysis done
15-02-2022 12:06:21§Execution started
15-02-2022 12:06:21§Creating the network
15-02-2022 12:06:23§Network created
15-02-2022 12:06:23§Running iperf to check current server performance
15-02-2022 12:08:02§Execution started
15-02-2022 12:08:02§Creating the network
15-02-2022 12:08:04§Network created
15-02-2022 12:08:04§Migrating the service
15-02-2022 12:09:42§Execution started
15-02-2022 12:09:42§Creating the network
15-02-2022 12:09:43§Network created
15-02-2022 12:09:43§Migrating the service
15-02-2022 12:10:03§Migrating the service
15-02-2022 12:14:04§Execution started
15-02-2022 12:14:04§Creating the network
15-02-2022 12:14:06§Network created
15-02-2022 12:14:06§Running iperf to check current server performance
15-02-2022 12:18:12§Execution started
15-02-2022 12:18:12§Creating the network
15-02-2022 12:18:14§Network created
15-02-2022 12:18:14§Running iperf to check current server performance
15-02-2022 12:18:54§Performance analysis done
15-02-2022 12:19:14§Migration request detected. Executing iperf on every server
15-02-2022 12:20:50§Execution started
15-02-2022 12:20:50§Creating the network
15-02-2022 12:20:52§Network created
15-02-2022 12:20:52§Running iperf to check current server performance
15-02-2022 12:21:23§Performance analysis done
15-02-2022 12:24:27§Execution started
15-02-2022 12:24:27§Creating the network
15-02-2022 12:24:29§Network created
15-02-2022 12:24:29§Running iperf to check current server performance
15-02-2022 12:25:10§Performance analysis done
15-02-2022 12:25:30§Migrating the service
15-02-2022 12:25:50§Migrating the service
15-02-2022 12:26:10§Migrating the service
15-02-2022 12:27:13§Execution started
15-02-2022 12:27:13§Creating the network
15-02-2022 12:27:15§Network created
15-02-2022 12:27:15§Running iperf to check current server performance
15-02-2022 12:27:46§Performance analysis done
15-02-2022 12:28:06§Running iperf to check current server performance
15-02-2022 12:28:47§Performance analysis done
15-02-2022 12:29:07§Migration request detected. Executing iperf on every server
15-02-2022 12:30:31§Waiting for migration to start
15-02-2022 12:31:11§Running iperf to check current server performance
15-02-2022 12:31:52§Performance analysis done
15-02-2022 12:32:12§Running iperf to check current server performance
15-02-2022 12:34:15§Execution started
15-02-2022 12:34:15§Creating the network
15-02-2022 12:34:16§Network created
15-02-2022 12:34:16§Running iperf to check current server performance
15-02-2022 12:34:59§Performance analysis done
